<?xml version="1.0" encoding="UTF-8"?>
<testng-results skipped="0" failed="0" total="0" passed="0">
  <reporter-output>
  </reporter-output>
  <suite name="indentitye2e.partB.RunTest" duration-ms="5" started-at="2017-09-26T22:51:00Z" finished-at="2017-09-26T22:51:00Z">
    <groups>
    </groups>
    <test name="Command line test" duration-ms="5" started-at="2017-09-26T22:51:00Z" finished-at="2017-09-26T22:51:00Z">
    </test> <!-- Command line test -->
  </suite> <!-- indentitye2e.partB.RunTest -->
</testng-results>
